<?xml version="1.0" encoding="UTF-8"?>
<testsuite xmlns:xsi="http://www.w3.org/2001/XMLSchema-instance" xsi:noNamespaceSchemaLocation="https://maven.apache.org/surefire/maven-surefire-plugin/xsd/surefire-test-report.xsd" name="sbnz.integracija.tests.ApplicationTests" time="4.303" tests="2" errors="0" skipped="0" failures="0">
  <properties>
[...]
</properties>
  <testcase name="testClassifyPatientHighIdvIndex2" classname="sbnz.integracija.tests.ApplicationTests" time="4.194"/>
  <testcase name="contextLoads" classname="sbnz.integracija.tests.ApplicationTests" time="0"/>
</testsuite>